<?xml version="1.0" encoding="UTF-8"?>
<con:testCase id="65cafb8d-379b-4254-9ba7-a8b223620627" discardOkResults="false" failOnError="false" failTestCaseOnErrors="true" keepSession="false" name="Test case based on single requests" searchProperties="true" timeout="0" xmlns:con="http://eviware.com/soapui/config">
  <con:settings>
    <con:setting id="65cafb8d-379b-4254-9ba7-a8b223620627fileName">Test-case-based-on-single-requests</con:setting>
  </con:settings>
  <con:testStep type="restrequest" name="Request 1" id="40962537-281e-4665-bd26-bb60b2368199">
    <con:settings/>
    <con:config service="http://api.openweathermap.org" resourcePath="/data/2.5/weather" methodName="Weather" xsi:type="con:RestRequestStep" xmlns:xsi="http://www.w3.org/2001/XMLSchema-instance">
      <con:restRequest name="Request 1" id="a2ba6de5-0852-4d37-9b1f-cdd8e60195df" mediaType="application/json">
        <con:settings/>
        <con:endpoint>http://api.openweathermap.org</con:endpoint>
        <con:request/>
        <con:credentials>
          <con:selectedAuthProfile>No Authorization</con:selectedAuthProfile>
          <con:authType>No Authorization</con:authType>
        </con:credentials>
        <con:jmsConfig JMSDeliveryMode="PERSISTENT"/>
        <con:parameters>
          <con:entry key="q" value="Boston"/>
          <con:entry key="appid" value="85c705dd76051cb3d8e5540b300279d4"/>
          <con:entry key="units" value="metric"/>
        </con:parameters>
        <con:parameterOrder>
          <con:entry>q</con:entry>
          <con:entry>appid</con:entry>
          <con:entry>units</con:entry>
        </con:parameterOrder>
      </con:restRequest>
    </con:config>
  </con:testStep>
  <con:properties/>
  <con:reportParameters/>
</con:testCase>
