<?xml version="1.0" encoding="UTF-8"?>
<con:testCase xmlns:con="http://eviware.com/soapui/config" xmlns:xsi="http://www.w3.org/2001/XMLSchema-instance" discardOkResults="false" failOnError="false" failTestCaseOnErrors="false" id="c8780b50-4d0e-4782-b2f6-2ce9da20c3ea" keepSession="false" name="Test Case 1" searchProperties="true" timeout="0" wsrmEnabled="false" wsrmVersion="1.0" wsrmAckTo="" zephyrTestName="" zephyrTestId="">
  <con:settings id="b96d4c56-4b26-4651-a926-fbdfd7cc83bb">
    <con:setting id="c8780b50-4d0e-4782-b2f6-2ce9da20c3eafileName">Test-Case-1</con:setting>
  </con:settings>
  <con:savedRecentRuns>1</con:savedRecentRuns>
  <con:testStep id="5d820b5e-c2f7-4d84-b3d7-27b2b0c55ecd" name="Request Stations" type="restrequest">
    <con:settings/>
    <con:config xsi:type="con:RestRequestStep" methodName="GetAllStationsXML" resourcePath="/realtime/realtime.asmx/getAllStationsXML" service="http://api.irishrail.ie">
      <con:restRequest id="ed931a6f-aa7f-4420-a291-0971a65505d0" mediaType="application/json" name="Request Stations">
        <con:settings>
          <con:setting id="com.eviware.soapui.impl.wsdl.WsdlRequest@request-headers">&lt;xml-fragment/></con:setting>
        </con:settings>
        <con:endpoint>http://api.irishrail.ie</con:endpoint>
        <con:request/>
        <con:originalUri>http://api.irishrail.ie/realtime/realtime.asmx/getAllStationsXML</con:originalUri>
        <con:assertion id="80ae0e5d-ca9d-40ca-aa14-3ec3f4f177dd" name="Valid HTTP Status Codes" type="Valid HTTP Status Codes">
          <con:settings/>
          <con:configuration>
            <codes>200</codes>
          </con:configuration>
        </con:assertion>
        <con:assertion type="Response SLA Assertion" id="f7bda40b-f030-492d-9683-b241007e7c37" name="Response SLA">
          <con:configuration>
            <SLA>500</SLA>
          </con:configuration>
        </con:assertion>
        <con:credentials>
          <con:selectedAuthProfile>No Authorization</con:selectedAuthProfile>
          <con:authType>No Authorization</con:authType>
        </con:credentials>
        <con:jmsConfig JMSDeliveryMode="PERSISTENT"/>
        <con:parameters/>
        <con:environmentSpec>
          <con:entry environmentId="5bde98c7-81ae-4e7e-8f4e-ccec22a65cbf">
            <con:authProfile>Inherit From Parent</con:authProfile>
          </con:entry>
        </con:environmentSpec>
      </con:restRequest>
    </con:config>
  </con:testStep>
  <con:testStep id="71028113-13ac-489c-97b7-da68e02762eb" name="Station 1" type="restrequest">
    <con:settings/>
    <con:config xsi:type="con:RestRequestStep" methodName="GetStationDataByNameXML" resourcePath="/realtime/realtime.asmx/getStationDataByNameXML" service="http://api.irishrail.ie">
      <con:restRequest id="7aa63b79-0e06-48ff-b5a2-6e242b56337d" mediaType="application/json" name="Station 1">
        <con:settings>
          <con:setting id="com.eviware.soapui.impl.wsdl.WsdlRequest@request-headers">&lt;xml-fragment/></con:setting>
        </con:settings>
        <con:endpoint>http://api.irishrail.ie</con:endpoint>
        <con:request/>
        <con:originalUri>http://api.irishrail.ie/realtime/realtime.asmx/getStationDataByNameXML</con:originalUri>
        <con:assertion type="Response SLA Assertion" id="50bbce61-2b00-4b81-87f8-6c3d5895a60b" name="Response SLA">
          <con:configuration>
            <SLA>300</SLA>
          </con:configuration>
        </con:assertion>
        <con:credentials>
          <con:selectedAuthProfile>No Authorization</con:selectedAuthProfile>
          <con:authType>No Authorization</con:authType>
        </con:credentials>
        <con:jmsConfig JMSDeliveryMode="PERSISTENT"/>
        <con:parameters>
          <con:entry key="StationDesc" value="${Request Stations#Response#declare namespace ns1='http://api.irishrail.ie/realtime/'; //ns1:ArrayOfObjStation[1]/ns1:objStation[1]/ns1:StationDesc[1]}"/>
        </con:parameters>
        <con:parameterOrder>
          <con:entry>StationDesc</con:entry>
        </con:parameterOrder>
        <con:environmentSpec>
          <con:entry environmentId="5bde98c7-81ae-4e7e-8f4e-ccec22a65cbf">
            <con:authProfile>Inherit From Parent</con:authProfile>
          </con:entry>
        </con:environmentSpec>
      </con:restRequest>
    </con:config>
  </con:testStep>
  <con:testStep id="b130f7f9-7328-46a2-8d4e-98bb6d6e70ae" name="Station 2" type="restrequest">
    <con:settings/>
    <con:config xsi:type="con:RestRequestStep" methodName="GetStationDataByNameXML" resourcePath="/realtime/realtime.asmx/getStationDataByNameXML" service="http://api.irishrail.ie">
      <con:restRequest id="7aa63b79-0e06-48ff-b5a2-6e242b56337d" mediaType="application/json" name="Station 2">
        <con:settings>
          <con:setting id="com.eviware.soapui.impl.wsdl.WsdlRequest@request-headers">&lt;xml-fragment/></con:setting>
        </con:settings>
        <con:endpoint>http://api.irishrail.ie</con:endpoint>
        <con:request/>
        <con:originalUri>http://api.irishrail.ie/realtime/realtime.asmx/getStationDataByNameXML</con:originalUri>
        <con:assertion id="94033a08-b2cd-4d29-9a73-75344fa4f2bb" name="Response SLA" type="Response SLA Assertion">
          <con:configuration>
            <SLA>500</SLA>
          </con:configuration>
        </con:assertion>
        <con:assertion id="8b2bd75a-bf90-4a30-a8e5-eabbfab17a85" name="Response SLA 2" type="Response SLA Assertion">
          <con:configuration>
            <SLA>500</SLA>
          </con:configuration>
        </con:assertion>
        <con:credentials>
          <con:selectedAuthProfile>No Authorization</con:selectedAuthProfile>
          <con:authType>No Authorization</con:authType>
        </con:credentials>
        <con:jmsConfig JMSDeliveryMode="PERSISTENT"/>
        <con:parameters>
          <con:entry key="StationDesc" value="${Request Stations#Response#declare namespace ns1='http://api.irishrail.ie/realtime/'; //ns1:ArrayOfObjStation[1]/ns1:objStation[2]/ns1:StationDesc[1]}"/>
        </con:parameters>
        <con:parameterOrder>
          <con:entry>StationDesc</con:entry>
        </con:parameterOrder>
        <con:environmentSpec>
          <con:entry environmentId="5bde98c7-81ae-4e7e-8f4e-ccec22a65cbf">
            <con:authProfile>Inherit From Parent</con:authProfile>
          </con:entry>
        </con:environmentSpec>
      </con:restRequest>
    </con:config>
  </con:testStep>
  <con:testStep id="9639a0fd-dc0f-4c00-a10c-064bcf1b1a2c" name="Station 3" type="restrequest">
    <con:settings/>
    <con:config xsi:type="con:RestRequestStep" methodName="GetStationDataByNameXML" resourcePath="/realtime/realtime.asmx/getStationDataByNameXML" service="http://api.irishrail.ie">
      <con:restRequest id="7aa63b79-0e06-48ff-b5a2-6e242b56337d" mediaType="application/json" name="Station 3">
        <con:settings>
          <con:setting id="com.eviware.soapui.impl.wsdl.WsdlRequest@request-headers">&lt;xml-fragment/></con:setting>
        </con:settings>
        <con:endpoint>http://api.irishrail.ie</con:endpoint>
        <con:request/>
        <con:originalUri>http://api.irishrail.ie/realtime/realtime.asmx/getStationDataByNameXML</con:originalUri>
        <con:assertion id="3cc89436-b5ad-4e2f-8d02-55936a940d75" name="Response SLA" type="Response SLA Assertion">
          <con:configuration>
            <SLA>500</SLA>
          </con:configuration>
        </con:assertion>
        <con:assertion id="834a833f-aa9f-4ca6-a481-e94d293b931e" name="Response SLA 2" type="Response SLA Assertion">
          <con:configuration>
            <SLA>500</SLA>
          </con:configuration>
        </con:assertion>
        <con:credentials>
          <con:selectedAuthProfile>No Authorization</con:selectedAuthProfile>
          <con:authType>No Authorization</con:authType>
        </con:credentials>
        <con:jmsConfig JMSDeliveryMode="PERSISTENT"/>
        <con:parameters>
          <con:entry key="StationDesc" value="${Request Stations#Response#declare namespace ns1='http://api.irishrail.ie/realtime/'; //ns1:ArrayOfObjStation[1]/ns1:objStation[3]/ns1:StationDesc[1]}"/>
        </con:parameters>
        <con:parameterOrder>
          <con:entry>StationDesc</con:entry>
        </con:parameterOrder>
        <con:environmentSpec>
          <con:entry environmentId="5bde98c7-81ae-4e7e-8f4e-ccec22a65cbf">
            <con:authProfile>Inherit From Parent</con:authProfile>
          </con:entry>
        </con:environmentSpec>
      </con:restRequest>
    </con:config>
  </con:testStep>
  <con:testStep id="4983a02d-8342-428b-8938-2803601b3eb7" name="Station 4" type="restrequest">
    <con:settings/>
    <con:config xsi:type="con:RestRequestStep" methodName="GetStationDataByNameXML" resourcePath="/realtime/realtime.asmx/getStationDataByNameXML" service="http://api.irishrail.ie">
      <con:restRequest id="7aa63b79-0e06-48ff-b5a2-6e242b56337d" mediaType="application/json" name="Station 4">
        <con:settings>
          <con:setting id="com.eviware.soapui.impl.wsdl.WsdlRequest@request-headers">&lt;xml-fragment/></con:setting>
        </con:settings>
        <con:endpoint>http://api.irishrail.ie</con:endpoint>
        <con:request/>
        <con:originalUri>http://api.irishrail.ie/realtime/realtime.asmx/getStationDataByNameXML</con:originalUri>
        <con:assertion id="7ade0181-aeb1-4d43-b36b-69b5e38d4d74" name="Response SLA" type="Response SLA Assertion">
          <con:configuration>
            <SLA>500</SLA>
          </con:configuration>
        </con:assertion>
        <con:assertion id="b67520d6-4c6f-4477-8070-2f70cba5c845" name="Response SLA 2" type="Response SLA Assertion">
          <con:configuration>
            <SLA>500</SLA>
          </con:configuration>
        </con:assertion>
        <con:credentials>
          <con:selectedAuthProfile>No Authorization</con:selectedAuthProfile>
          <con:authType>No Authorization</con:authType>
        </con:credentials>
        <con:jmsConfig JMSDeliveryMode="PERSISTENT"/>
        <con:parameters>
          <con:entry key="StationDesc" value="${Request Stations#Response#declare namespace ns1='http://api.irishrail.ie/realtime/'; //ns1:ArrayOfObjStation[1]/ns1:objStation[4]/ns1:StationDesc[1]}"/>
        </con:parameters>
        <con:parameterOrder>
          <con:entry>StationDesc</con:entry>
        </con:parameterOrder>
        <con:environmentSpec>
          <con:entry environmentId="5bde98c7-81ae-4e7e-8f4e-ccec22a65cbf">
            <con:authProfile>Inherit From Parent</con:authProfile>
          </con:entry>
        </con:environmentSpec>
      </con:restRequest>
    </con:config>
  </con:testStep>
  <con:testStep id="dad7e0ee-6b62-4021-8579-78d25f2a3d30" name="Station 5" type="restrequest">
    <con:settings/>
    <con:config xsi:type="con:RestRequestStep" methodName="GetStationDataByNameXML" resourcePath="/realtime/realtime.asmx/getStationDataByNameXML" service="http://api.irishrail.ie">
      <con:restRequest id="7aa63b79-0e06-48ff-b5a2-6e242b56337d" mediaType="application/json" name="Station 5">
        <con:settings>
          <con:setting id="com.eviware.soapui.impl.wsdl.WsdlRequest@request-headers">&lt;xml-fragment/></con:setting>
        </con:settings>
        <con:endpoint>http://api.irishrail.ie</con:endpoint>
        <con:request/>
        <con:originalUri>http://api.irishrail.ie/realtime/realtime.asmx/getStationDataByNameXML</con:originalUri>
        <con:assertion id="702aec8e-402b-4cd1-8175-139a6f97c43e" name="Response SLA" type="Response SLA Assertion">
          <con:configuration>
            <SLA>500</SLA>
          </con:configuration>
        </con:assertion>
        <con:assertion id="94e9d918-54fc-460b-92a9-df54cc0223f1" name="Response SLA 2" type="Response SLA Assertion">
          <con:configuration>
            <SLA>500</SLA>
          </con:configuration>
        </con:assertion>
        <con:credentials>
          <con:selectedAuthProfile>No Authorization</con:selectedAuthProfile>
          <con:authType>No Authorization</con:authType>
        </con:credentials>
        <con:jmsConfig JMSDeliveryMode="PERSISTENT"/>
        <con:parameters>
          <con:entry key="StationDesc" value="${Request Stations#Response#declare namespace ns1='http://api.irishrail.ie/realtime/'; //ns1:ArrayOfObjStation[1]/ns1:objStation[5]/ns1:StationDesc[1]}"/>
        </con:parameters>
        <con:parameterOrder>
          <con:entry>StationDesc</con:entry>
        </con:parameterOrder>
        <con:environmentSpec>
          <con:entry environmentId="5bde98c7-81ae-4e7e-8f4e-ccec22a65cbf">
            <con:authProfile>Inherit From Parent</con:authProfile>
          </con:entry>
        </con:environmentSpec>
      </con:restRequest>
    </con:config>
  </con:testStep>
  <con:properties/>
  <con:reportParameters/>
  <con:breakPoints>
    <con:testStepId>b130f7f9-7328-46a2-8d4e-98bb6d6e70ae</con:testStepId>
    <con:status>NONE</con:status>
    <con:properties/>
  </con:breakPoints>
  <con:environmentSpec>
    <con:entry environmentId="5bde98c7-81ae-4e7e-8f4e-ccec22a65cbf">
      <con:authProfile>Inherit From Parent</con:authProfile>
    </con:entry>
  </con:environmentSpec>
</con:testCase>
